Arguments: 
  C:\Program Files\nodejs\node.exe C:\Users\张国忠\Desktop\安装包\bin\yarn.js add app2.css

PATH: 
  C:\Program Files (x86)\Intel\Intel(R) Management Engine Components\iCLS\;C:\Program Files\Intel\Intel(R) Management Engine Components\iCLS\;C:\Windows\system32;C:\Windows;C:\Windows\System32\Wbem;C:\Windows\System32\WindowsPowerShell\v1.0\;C:\Windows\System32\OpenSSH\;C:\Program Files (x86)\Intel\Intel(R) Management Engine Components\DAL;C:\Program Files\Intel\Intel(R) Management Engine Components\DAL;C:\Program Files\Git\cmd;E:\Weixinapp\微信web开发者工具\dll;C:\Program Files\nodejs\;C:\Users\张国忠\Desktop\安装包\bin\;C:\Users\张国忠\AppData\Local\Microsoft\WindowsApps;C:\Users\张国忠\AppData\Local\UGit\app-3.0.3\resources\app\git\cmd;C:\Users\张国忠\AppData\Local\UGit\bin;C:\Users\张国忠\AppData\Roaming\npm;C:\Users\张国忠\AppData\Local\Yarn\bin;D:\software\Microsoft VS Code\bin

Yarn version: 
  1.22.5

Node version: 
  16.14.0

Platform: 
  win32 x64

Trace: 
  Error: https://registry.npm.taobao.org/app2.css: [NOT_FOUND] app2.css not found
      at Request.params.callback [as _callback] (C:\Users\张国忠\Desktop\安装包\lib\cli.js:66097:18)
      at Request.self.callback (C:\Users\张国忠\Desktop\安装包\lib\cli.js:140749:22)
      at Request.emit (node:events:520:28)
      at Request.<anonymous> (C:\Users\张国忠\Desktop\安装包\lib\cli.js:141721:10)
      at Request.emit (node:events:520:28)
      at Gunzip.<anonymous> (C:\Users\张国忠\Desktop\安装包\lib\cli.js:141643:12)
      at Object.onceWrapper (node:events:639:28)
      at Gunzip.emit (node:events:520:28)
      at endReadableNT (node:internal/streams/readable:1346:12)
      at processTicksAndRejections (node:internal/process/task_queues:83:21)

npm manifest: 
  {
    "name": "MVC-dome-01",
    "version": "1.0.0",
    "main": "index.js",
    "license": "MIT",
    "dependencies": {
      "jquery": "^3.6.0"
    }
  }

yarn manifest: 
  No manifest

Lockfile: 
  # THIS IS AN AUTOGENERATED FILE. DO NOT EDIT THIS FILE DIRECTLY.
  # yarn lockfile v1
  
  
  jquery@^3.6.0:
    version "3.6.0"
    resolved "https://registry.npmmirror.com/jquery/-/jquery-3.6.0.tgz#c72a09f15c1bdce142f49dbf1170bdf8adac2470"
    integrity sha512-JVzAR/AjBvVt2BmYhxRCSYysDsPcssdmTFnzyLEts9qNwmjmu4JTAMYubEfwVOSwpQ1I1sKKFcxhZCI2buerfw==
